<?xml version="1.0" encoding="UTF-8"?>
<!-- Generated by org.testng.reporters.JUnitXMLReporter -->
<testsuite ignored="0" hostname="DESKTOP-MV5SLF0" failures="0" tests="4" name="Default test" time="11.366" errors="0" timestamp="2024-08-06T22:55:06 IST">
  <testcase classname="api.test.UserTests2" name="testpostUser" time="4.644"/>
  <testcase classname="api.test.UserTests2" name="testgetUser" time="1.345"/>
  <testcase classname="api.test.UserTests2" name="testupdateUser" time="2.382"/>
  <testcase classname="api.test.UserTests2" name="testdeletetUser" time="1.175"/>
</testsuite> <!-- Default test -->
